{
  "stats": {
    "suites": 1,
    "tests": 2,
    "passes": 1,
    "pending": 0,
    "failures": 1,
    "start": "2025-01-10T08:50:22.128Z",
    "end": "2025-01-10T08:50:34.056Z",
    "duration": 11928,
    "testsRegistered": 2,
    "passPercent": 50,
    "pendingPercent": 0,
    "other": 0,
    "hasOther": false,
    "skipped": 0,
    "hasSkipped": false
  },
  "results": [
    {
      "uuid": "d69eb5b3-e8ce-4956-99e0-a2bd545d0c79",
      "title": "",
      "fullFile": "D:\\GitHub\\Mocha-Selenium-JS\\tests\\communityMarketTest.js",
      "file": "\\tests\\communityMarketTest.js",
      "beforeHooks": [],
      "afterHooks": [],
      "tests": [],
      "suites": [
        {
          "uuid": "7401af7e-1580-4d15-8f85-ebea198309f1",
          "title": "Steam Community Market",
          "fullFile": "D:\\GitHub\\Mocha-Selenium-JS\\tests\\communityMarketTest.js",
          "file": "\\tests\\communityMarketTest.js",
          "beforeHooks": [
            {
              "title": "\"before all\" hook in \"Steam Community Market\"",
              "fullTitle": "Steam Community Market \"before all\" hook in \"Steam Community Market\"",
              "timedOut": false,
              "duration": 3962,
              "state": null,
              "speed": null,
              "pass": false,
              "fail": false,
              "pending": false,
              "context": null,
              "code": "let options = new chrome.Options().addArguments('--start-maximized');\ndriver = new Builder().forBrowser('chrome').setChromeOptions(options).build();\nawait driver.manage().setTimeouts({ implicit: TimeOut.TenSeconds });\n// Navigate directly to the base URL\nawait driver.get(baseUrl);\nhomePageSteps = new HomePageSteps(driver);\ncommunityMarketSteps = new CommunityMarketSteps(driver);",
              "err": {},
              "uuid": "2cef9510-c099-4fef-b26f-54809d58a40b",
              "parentUUID": "7401af7e-1580-4d15-8f85-ebea198309f1",
              "isHook": true,
              "skipped": false
            }
          ],
          "afterHooks": [
            {
              "title": "\"after all\" hook in \"Steam Community Market\"",
              "fullTitle": "Steam Community Market \"after all\" hook in \"Steam Community Market\"",
              "timedOut": false,
              "duration": 98,
              "state": null,
              "speed": null,
              "pass": false,
              "fail": false,
              "pending": false,
              "context": null,
              "code": "this.timeout(TimeOut.FiveSeconds);\nif (driver) {\n    await driver.quit();\n}",
              "err": {},
              "uuid": "7fa88eb2-11ee-4f9d-9097-f87c603e360d",
              "parentUUID": "7401af7e-1580-4d15-8f85-ebea198309f1",
              "isHook": true,
              "skipped": false
            }
          ],
          "tests": [
            {
              "title": "Verify if 1st selected item is Displayed",
              "fullTitle": "Steam Community Market Verify if 1st selected item is Displayed",
              "timedOut": false,
              "duration": 5551,
              "state": "passed",
              "speed": "slow",
              "pass": true,
              "fail": false,
              "pending": false,
              "context": null,
              "code": "await homePageSteps.navigateToCommunityMarket();\nconst currentUrl = await driver.getCurrentUrl();\nassert(currentUrl.includes('market'), 'Not on the Community Market page');\nconst isAdvancedOptionsVisible = await communityMarketSteps.openAdvancedSearchOptions();\nassert(isAdvancedOptionsVisible, 'Advanced options window is not visible');\nawait communityMarketSteps.searchForItem('Dota 2', 'Phantom Assassin', 'Rare');\nawait communityMarketSteps.validateFilters(['Dota 2', 'Phantom Assassin', 'Rare']);\nconst isResultValid = await communityMarketSteps.verifySearchResult(0);\nassert(isResultValid, 'Item title on the page does not match the result text');",
              "err": {},
              "uuid": "6c60042d-e7dc-483b-9e58-e49e1f8d3d9a",
              "parentUUID": "7401af7e-1580-4d15-8f85-ebea198309f1",
              "isHook": false,
              "skipped": false
            },
            {
              "title": "Verify the Price Sorting",
              "fullTitle": "Steam Community Market Verify the Price Sorting",
              "timedOut": false,
              "duration": 2313,
              "state": "failed",
              "speed": null,
              "pass": false,
              "fail": true,
              "pending": false,
              "context": null,
              "code": "await homePageSteps.navigateToCommunityMarket();\nconst currentUrl = await driver.getCurrentUrl();\nassert(currentUrl.includes('market'), 'Not on the Community Market page');\nconst isAdvancedOptionsVisible = await communityMarketSteps.openAdvancedSearchOptions();\nassert(isAdvancedOptionsVisible, 'Advanced options window is not visible');\nawait communityMarketSteps.searchForItem('Dota 2', 'Anti-Mage', 'Uncommon');\nawait communityMarketSteps.validateFilters(['Dota 2', 'Anti-Mage', 'Uncommon']);\nawait communityMarketSteps.clickOnPriceSortButton();\nawait communityMarketSteps.verifyPriceSortedInAscendingOrder();\nawait communityMarketSteps.clickOnPriceSortButton();\nawait communityMarketSteps.verifyPriceSortedInDescendingOrder();",
              "err": {
                "message": "ReferenceError: assert is not defined",
                "estack": "ReferenceError: assert is not defined\n    at CommunityMarketSteps.verifyPriceSortedInAscendingOrder (steps\\CommunityMarketSteps.js:35:9)\n    at process.processTicksAndRejections (node:internal/process/task_queues:105:5)\n    at async Context.<anonymous> (tests\\communityMarketTest.js:55:9)",
                "diff": null
              },
              "uuid": "15cdecbd-794d-4ae5-88ef-840b987ccb2c",
              "parentUUID": "7401af7e-1580-4d15-8f85-ebea198309f1",
              "isHook": false,
              "skipped": false
            }
          ],
          "suites": [],
          "passes": [
            "6c60042d-e7dc-483b-9e58-e49e1f8d3d9a"
          ],
          "failures": [
            "15cdecbd-794d-4ae5-88ef-840b987ccb2c"
          ],
          "pending": [],
          "skipped": [],
          "duration": 7864,
          "root": false,
          "rootEmpty": false,
          "_timeout": 0
        }
      ],
      "passes": [],
      "failures": [],
      "pending": [],
      "skipped": [],
      "duration": 0,
      "root": true,
      "rootEmpty": true,
      "_timeout": 0
    }
  ],
  "meta": {
    "mocha": {
      "version": "11.0.1"
    },
    "mochawesome": {
      "options": {
        "quiet": false,
        "reportFilename": "mochawesome",
        "saveHtml": true,
        "saveJson": true,
        "consoleReporter": "spec",
        "useInlineDiffs": false,
        "code": true
      },
      "version": "7.1.3"
    },
    "marge": {
      "options": null,
      "version": "6.2.0"
    }
  }
}